<?xml version="1.0" encoding="UTF-8"?>
<robot generator="Robot 7.1.1 (Python 3.13.1 on win32)" generated="2024-12-26T21:40:24.050322" rpa="false" schemaversion="5">
<suite id="s1" name="FakeStoreAPI" source="D:\GitHub\Robotframework\API_Testing\Tests\FakeStoreAPI.robot">
<test id="s1-t1" name="Should be able to get all product" line="14">
<kw name="Begin API test" owner="CommonAPI" type="SETUP">
<kw name="Create Session" owner="RequestsLibrary">
<msg time="2024-12-26T21:40:24.320610" level="INFO">Creating Session using : alias=My session, url=https://fakestoreapi.com, headers={},                     cookies={}, auth=None, timeout=None, proxies=None, verify=False,                     debug=0 </msg>
<arg>${CREATED_SESSION}</arg>
<arg>${URL}</arg>
<doc>Create Session: create a HTTP session to a server</doc>
<status status="PASS" start="2024-12-26T21:40:24.320464" elapsed="0.000285"/>
</kw>
<status status="PASS" start="2024-12-26T21:40:24.320173" elapsed="0.000634"/>
</kw>
<kw name="Check FakeStore all product" owner="FakeStoreAPIApp">
<kw name="GET On Session" owner="RequestsLibrary">
<msg time="2024-12-26T21:40:26.372117" level="INFO">GET Request : url=https://fakestoreapi.com/products 
 path_url=/products 
 headers={'User-Agent': 'python-requests/2.32.3', 'Accept-Encoding': 'gzip, deflate', 'Accept': '*/*', 'Connection': 'keep-alive'} 
 body=None 
 </msg>
<msg time="2024-12-26T21:40:26.372413" level="INFO">GET Response : url=https://fakestoreapi.com/products 
 status=200, reason=OK 
 headers={'Date': 'Thu, 26 Dec 2024 14:40:50 GMT', 'Content-Type': 'application/json; charset=utf-8', 'Transfer-Encoding': 'chunked', 'Connection': 'keep-alive', 'access-control-allow-origin': '*', 'etag': 'W/"297c-h+n6NsR3M51S6528jZo3BluzvtU"', 'x-powered-by': 'Express', 'cf-cache-status': 'DYNAMIC', 'Report-To': '{"endpoints":[{"url":"https:\\/\\/a.nel.cloudflare.com\\/report\\/v4?s=jlj4YzCGUzoYoJMDQdHYY%2F%2Fih88%2BVDOq6u69SJCGn0HBSnJPxzd6tmIzXIrDeKFZnrd1eBVY6dW8rvwwDnNSPlTHx8vTD6n7ipmrGxjPKHgCWnkw7Kl6SvAFB6kL21grWtmB1ttirIKQ8EN0jgUY"}],"group":"cf-nel","max_age":604800}', 'NEL': '{"success_fraction":0,"report_to":"cf-nel","max_age":604800}', 'Server': 'cloudflare', 'CF-RAY': '8f81d400ede2fd7c-SIN', 'Content-Encoding': 'gzip', 'alt-svc': 'h3=":443"; ma=86400', 'server-timing': 'cfL4;desc="?proto=TCP&amp;rtt=27841&amp;min_rtt=27761&amp;rtt_var=10570&amp;sent=5&amp;recv=6&amp;lost=0&amp;retrans=0&amp;sent_bytes=2854&amp;recv_bytes=774&amp;delivery_rate=143651&amp;cwnd=252&amp;unsent_bytes=0&amp;cid=1a23854e9441110e&amp;ts=1970&amp;x=0"'} 
 body=[{"id":1,"title":"Fjallraven - Foldsack No. 1 Backpack, Fits 15 Laptops","price":109.95,"description":"Your perfect pack for everyday use and walks in the forest. Stash your laptop (up to 15 inches) in the padded sleeve, your everyday","category":"men's clothing","image":"https://fakestoreapi.com/img/81fPKd-2AYL._AC_SL1500_.jpg","rating":{"rate":3.9,"count":120}},{"id":2,"title":"Mens Casual Premium Slim Fit T-Shirts ","price":22.3,"description":"Slim-fitting style, contrast raglan long sleeve, three-button henley placket, light weight &amp; soft fabric for breathable and comfortable wearing. And Solid stitched shirts with round neck made for durability and a great fit for casual fashion wear and diehard baseball fans. The Henley style round neckline includes a three-button placket.","category":"men's clothing","image":"https://fakestoreapi.com/img/71-3HjGNDUL._AC_SY879._SX._UX._SY._UY_.jpg","rating":{"rate":4.1,"count":259}},{"id":3,"title":"Mens Cotton Jacket","price":55.99,"description":"great outerwear jackets for Spring/Autumn/Winter, suitable for many occasions, such as working, hiking, camping, mountain/rock climbing, cycling, traveling or other outdoors. Good gift choice for you or your family member. A warm hearted love to Father, husband or son in this thanksgiving or Christmas Day.","category":"men's clothing","image":"https://fakestoreapi.com/img/71li-ujtlUL._AC_UX679_.jpg","rating":{"rate":4.7,"count":500}},{"id":4,"title":"Mens Casual Slim Fit","price":15.99,"description":"The color could be slightly different between on the screen and in practice. / Please note that body builds vary by person, therefore, detailed size information should be reviewed below on the product description.","category":"men's clothing","image":"https://fakestoreapi.com/img/71YXzeOuslL._AC_UY879_.jpg","rating":{"rate":2.1,"count":430}},{"id":5,"title":"John Hardy Women's Legends Naga Gold &amp; Silver Dragon Station Chain Bracelet","price":695,"description":"From our Legends Collection, the Naga was inspired by the mythical water dragon that protects the ocean's pearl. Wear facing inward to be bestowed with love and abundance, or outward for protection.","category":"jewelery","image":"https://fakestoreapi.com/img/71pWzhdJNwL._AC_UL640_QL65_ML3_.jpg","rating":{"rate":4.6,"count":400}},{"id":6,"title":"Solid Gold Petite Micropave ","price":168,"description":"Satisfaction Guaranteed. Return or exchange any order within 30 days.Designed and sold by Hafeez Center in the United States. Satisfaction Guaranteed. Return or exchange any order within 30 days.","category":"jewelery","image":"https://fakestoreapi.com/img/61sbMiUnoGL._AC_UL640_QL65_ML3_.jpg","rating":{"rate":3.9,"count":70}},{"id":7,"title":"White Gold Plated Princess","price":9.99,"description":"Classic Created Wedding Engagement Solitaire Diamond Promise Ring for Her. Gifts to spoil your love more for Engagement, Wedding, Anniversary, Valentine's Day...","category":"jewelery","image":"https://fakestoreapi.com/img/71YAIFU48IL._AC_UL640_QL65_ML3_.jpg","rating":{"rate":3,"count":400}},{"id":8,"title":"Pierced Owl Rose Gold Plated Stainless Steel Double","price":10.99,"description":"Rose Gold Plated Double Flared Tunnel Plug Earrings. Made of 316L Stainless Steel","category":"jewelery","image":"https://fakestoreapi.com/img/51UDEzMJVpL._AC_UL640_QL65_ML3_.jpg","rating":{"rate":1.9,"count":100}},{"id":9,"title":"WD 2TB Elements Portable External Hard Drive - USB 3.0 ","price":64,"description":"USB 3.0 and USB 2.0 Compatibility Fast data transfers Improve PC Performance High Capacity; Compatibility Formatted NTFS for Windows 10, Windows 8.1, Windows 7; Reformatting may be required for other operating systems; Compatibility may vary depending on user’s hardware configuration and operating system","category":"electronics","image":"https://fakestoreapi.com/img/61IBBVJvSDL._AC_SY879_.jpg","rating":{"rate":3.3,"count":203}},{"id":10,"title":"SanDisk SSD PLUS 1TB Internal SSD - SATA III 6 Gb/s","price":109,"description":"Easy upgrade for faster boot up, shutdown, application load and response (As compared to 5400 RPM SATA 2.5” hard drive; Based on published specifications and internal benchmarking tests using PCMark vantage scores) Boosts burst write performance, making it ideal for typical PC workloads The perfect balance of performance and reliability Read/write speeds of up to 535MB/s/450MB/s (Based on internal testing; Performance may vary depending upon drive capacity, host device, OS and application.)","category":"electronics","image":"https://fakestoreapi.com/img/61U7T1koQqL._AC_SX679_.jpg","rating":{"rate":2.9,"count":470}},{"id":11,"title":"Silicon Power 256GB SSD 3D NAND A55 SLC Cache Performance Boost SATA III 2.5","price":109,"description":"3D NAND flash are applied to deliver high transfer speeds Remarkable transfer speeds that enable faster bootup and improved overall system performance. The advanced SLC Cache Technology allows performance boost and longer lifespan 7mm slim design suitable for Ultrabooks and Ultra-slim notebooks. Supports TRIM command, Garbage Collection technology, RAID, and ECC (Error Checking &amp; Correction) to provide the optimized performance and enhanced reliability.","category":"electronics","image":"https://fakestoreapi.com/img/71kWymZ+c+L._AC_SX679_.jpg","rating":{"rate":4.8,"count":319}},{"id":12,"title":"WD 4TB Gaming Drive Works with Playstation 4 Portable External Hard Drive","price":114,"description":"Expand your PS4 gaming experience, Play anywhere Fast and easy, setup Sleek design with high capacity, 3-year manufacturer's limited warranty","category":"electronics","image":"https://fakestoreapi.com/img/61mtL65D4cL._AC_SX679_.jpg","rating":{"rate":4.8,"count":400}},{"id":13,"title":"Acer SB220Q bi 21.5 inches Full HD (1920 x 1080) IPS Ultra-Thin","price":599,"description":"21. 5 inches Full HD (1920 x 1080) widescreen IPS display And Radeon free Sync technology. No compatibility for VESA Mount Refresh Rate: 75Hz - Using HDMI port Zero-frame design | ultra-thin | 4ms response time | IPS panel Aspect ratio - 16: 9. Color Supported - 16. 7 million colors. Brightness - 250 nit Tilt angle -5 degree to 15 degree. Horizontal viewing angle-178 degree. Vertical viewing angle-178 degree 75 hertz","category":"electronics","image":"https://fakestoreapi.com/img/81QpkIctqPL._AC_SX679_.jpg","rating":{"rate":2.9,"count":250}},{"id":14,"title":"Samsung 49-Inch CHG90 144Hz Curved Gaming Monitor (LC49HG90DMNXZA) – Super Ultrawide Screen QLED ","price":999.99,"description":"49 INCH SUPER ULTRAWIDE 32:9 CURVED GAMING MONITOR with dual 27 inch screen side by side QUANTUM DOT (QLED) TECHNOLOGY, HDR support and factory calibration provides stunningly realistic and accurate color and contrast 144HZ HIGH REFRESH RATE and 1ms ultra fast response time work to eliminate motion blur, ghosting, and reduce input lag","category":"electronics","image":"https://fakestoreapi.com/img/81Zt42ioCgL._AC_SX679_.jpg","rating":{"rate":2.2,"count":140}},{"id":15,"title":"BIYLACLESEN Women's 3-in-1 Snowboard Jacket Winter Coats","price":56.99,"description":"Note:The Jackets is US standard size, Please choose size as your usual wear Material: 100% Polyester; Detachable Liner Fabric: Warm Fleece. Detachable Functional Liner: Skin Friendly, Lightweigt and Warm.Stand Collar Liner jacket, keep you warm in cold weather. Zippered Pockets: 2 Zippered Hand Pockets, 2 Zippered Pockets on Chest (enough to keep cards or keys)and 1 Hidden Pocket Inside.Zippered Hand Pockets and Hidden Pocket keep your things secure. Humanized Design: Adjustable and Detachable Hood and Adjustable cuff to prevent the wind and water,for a comfortable fit. 3 in 1 Detachable Design provide more convenience, you can separate the coat and inner as needed, or wear it together. It is suitable for different season and help you adapt to different climates","category":"women's clothing","image":"https://fakestoreapi.com/img/51Y5NI-I5jL._AC_UX679_.jpg","rating":{"rate":2.6,"count":235}},{"id":16,"title":"Lock and Love Women's Removable Hooded Faux Leather Moto Biker Jacket","price":29.95,"description":"100% POLYURETHANE(shell) 100% POLYESTER(lining) 75% POLYESTER 25% COTTON (SWEATER), Faux leather material for style and comfort / 2 pockets of front, 2-For-One Hooded denim style faux leather jacket, Button detail on waist / Detail stitching at sides, HAND WASH ONLY / DO NOT BLEACH / LINE DRY / DO NOT IRON","category":"women's clothing","image":"https://fakestoreapi.com/img/81XH0e8fefL._AC_UY879_.jpg","rating":{"rate":2.9,"count":340}},{"id":17,"title":"Rain Jacket Women Windbreaker Striped Climbing Raincoats","price":39.99,"description":"Lightweight perfet for trip or casual wear---Long sleeve with hooded, adjustable drawstring waist design. Button and zipper front closure raincoat, fully stripes Lined and The Raincoat has 2 side pockets are a good size to hold all kinds of things, it covers the hips, and the hood is generous but doesn't overdo it.Attached Cotton Lined Hood with Adjustable Drawstrings give it a real styled look.","category":"women's clothing","image":"https://fakestoreapi.com/img/71HblAHs5xL._AC_UY879_-2.jpg","rating":{"rate":3.8,"count":679}},{"id":18,"title":"MBJ Women's Solid Short Sleeve Boat Neck V ","price":9.85,"description":"95% RAYON 5% SPANDEX, Made in USA or Imported, Do Not Bleach, Lightweight fabric with great stretch for comfort, Ribbed on sleeves and neckline / Double stitching on bottom hem","category":"women's clothing","image":"https://fakestoreapi.com/img/71z3kpMAYsL._AC_UY879_.jpg","rating":{"rate":4.7,"count":130}},{"id":19,"title":"Opna Women's Short Sleeve Moisture","price":7.95,"description":"100% Polyester, Machine wash, 100% cationic polyester interlock, Machine Wash &amp; Pre Shrunk for a Great Fit, Lightweight, roomy and highly breathable with moisture wicking fabric which helps to keep moisture away, Soft Lightweight Fabric with comfortable V-neck collar and a slimmer fit, delivers a sleek, ... (set the log level to DEBUG or TRACE to see the full content) 
 </msg>
<msg time="2024-12-26T21:40:26.373010" level="INFO">C:\Users\tao_2\AppData\Local\Programs\Python\Python313\Lib\site-packages\urllib3\connectionpool.py:1099: InsecureRequestWarning: Unverified HTTPS request is being made to host 'fakestoreapi.com'. Adding certificate verification is strongly advised. See: https://urllib3.readthedocs.io/en/latest/advanced-usage.html#tls-warnings
  warnings.warn(</msg>
<msg time="2024-12-26T21:40:26.373606" level="INFO">${Respone} = &lt;Response [200]&gt;</msg>
<var>${Respone}</var>
<arg>${CREATED_SESSION}</arg>
<arg>${URL}${PRODUCTS_PATH}</arg>
<arg>expected_status=${Status}</arg>
<doc>Sends a GET request on a previously created HTTP Session.</doc>
<status status="PASS" start="2024-12-26T21:40:24.321168" elapsed="2.052532"/>
</kw>
<if>
<branch type="IF" condition="${Status} == 200">
<kw name="Set Variable" owner="BuiltIn">
<msg time="2024-12-26T21:40:26.375542" level="INFO">${All_Product} = [{'id': 1, 'title': 'Fjallraven - Foldsack No. 1 Backpack, Fits 15 Laptops', 'price': 109.95, 'description': 'Your perfect pack for everyday use and walks in the forest. Stash your laptop (up to 15 in...</msg>
<var>${All_Product}</var>
<arg>${Respone.json()}</arg>
<doc>Returns the given values which can then be assigned to a variables.</doc>
<status status="PASS" start="2024-12-26T21:40:26.374321" elapsed="0.001265"/>
</kw>
<kw name="Log" owner="BuiltIn">
<msg time="2024-12-26T21:40:26.376213" level="INFO">[{'id': 1, 'title': 'Fjallraven - Foldsack No. 1 Backpack, Fits 15 Laptops', 'price': 109.95, 'description': 'Your perfect pack for everyday use and walks in the forest. Stash your laptop (up to 15 inches) in the padded sleeve, your everyday', 'category': "men's clothing", 'image': 'https://fakestoreapi.com/img/81fPKd-2AYL._AC_SL1500_.jpg', 'rating': {'rate': 3.9, 'count': 120}}, {'id': 2, 'title': 'Mens Casual Premium Slim Fit T-Shirts ', 'price': 22.3, 'description': 'Slim-fitting style, contrast raglan long sleeve, three-button henley placket, light weight &amp; soft fabric for breathable and comfortable wearing. And Solid stitched shirts with round neck made for durability and a great fit for casual fashion wear and diehard baseball fans. The Henley style round neckline includes a three-button placket.', 'category': "men's clothing", 'image': 'https://fakestoreapi.com/img/71-3HjGNDUL._AC_SY879._SX._UX._SY._UY_.jpg', 'rating': {'rate': 4.1, 'count': 259}}, {'id': 3, 'title': 'Mens Cotton Jacket', 'price': 55.99, 'description': 'great outerwear jackets for Spring/Autumn/Winter, suitable for many occasions, such as working, hiking, camping, mountain/rock climbing, cycling, traveling or other outdoors. Good gift choice for you or your family member. A warm hearted love to Father, husband or son in this thanksgiving or Christmas Day.', 'category': "men's clothing", 'image': 'https://fakestoreapi.com/img/71li-ujtlUL._AC_UX679_.jpg', 'rating': {'rate': 4.7, 'count': 500}}, {'id': 4, 'title': 'Mens Casual Slim Fit', 'price': 15.99, 'description': 'The color could be slightly different between on the screen and in practice. / Please note that body builds vary by person, therefore, detailed size information should be reviewed below on the product description.', 'category': "men's clothing", 'image': 'https://fakestoreapi.com/img/71YXzeOuslL._AC_UY879_.jpg', 'rating': {'rate': 2.1, 'count': 430}}, {'id': 5, 'title': "John Hardy Women's Legends Naga Gold &amp; Silver Dragon Station Chain Bracelet", 'price': 695, 'description': "From our Legends Collection, the Naga was inspired by the mythical water dragon that protects the ocean's pearl. Wear facing inward to be bestowed with love and abundance, or outward for protection.", 'category': 'jewelery', 'image': 'https://fakestoreapi.com/img/71pWzhdJNwL._AC_UL640_QL65_ML3_.jpg', 'rating': {'rate': 4.6, 'count': 400}}, {'id': 6, 'title': 'Solid Gold Petite Micropave ', 'price': 168, 'description': 'Satisfaction Guaranteed. Return or exchange any order within 30 days.Designed and sold by Hafeez Center in the United States. Satisfaction Guaranteed. Return or exchange any order within 30 days.', 'category': 'jewelery', 'image': 'https://fakestoreapi.com/img/61sbMiUnoGL._AC_UL640_QL65_ML3_.jpg', 'rating': {'rate': 3.9, 'count': 70}}, {'id': 7, 'title': 'White Gold Plated Princess', 'price': 9.99, 'description': "Classic Created Wedding Engagement Solitaire Diamond Promise Ring for Her. Gifts to spoil your love more for Engagement, Wedding, Anniversary, Valentine's Day...", 'category': 'jewelery', 'image': 'https://fakestoreapi.com/img/71YAIFU48IL._AC_UL640_QL65_ML3_.jpg', 'rating': {'rate': 3, 'count': 400}}, {'id': 8, 'title': 'Pierced Owl Rose Gold Plated Stainless Steel Double', 'price': 10.99, 'description': 'Rose Gold Plated Double Flared Tunnel Plug Earrings. Made of 316L Stainless Steel', 'category': 'jewelery', 'image': 'https://fakestoreapi.com/img/51UDEzMJVpL._AC_UL640_QL65_ML3_.jpg', 'rating': {'rate': 1.9, 'count': 100}}, {'id': 9, 'title': 'WD 2TB Elements Portable External Hard Drive - USB 3.0 ', 'price': 64, 'description': 'USB 3.0 and USB 2.0 Compatibility Fast data transfers Improve PC Performance High Capacity; Compatibility Formatted NTFS for Windows 10, Windows 8.1, Windows 7; Reformatting may be required for other operating systems; Compatibility may vary depending on user’s hardware configuration and operating system', 'category': 'electronics', 'image': 'https://fakestoreapi.com/img/61IBBVJvSDL._AC_SY879_.jpg', 'rating': {'rate': 3.3, 'count': 203}}, {'id': 10, 'title': 'SanDisk SSD PLUS 1TB Internal SSD - SATA III 6 Gb/s', 'price': 109, 'description': 'Easy upgrade for faster boot up, shutdown, application load and response (As compared to 5400 RPM SATA 2.5” hard drive; Based on published specifications and internal benchmarking tests using PCMark vantage scores) Boosts burst write performance, making it ideal for typical PC workloads The perfect balance of performance and reliability Read/write speeds of up to 535MB/s/450MB/s (Based on internal testing; Performance may vary depending upon drive capacity, host device, OS and application.)', 'category': 'electronics', 'image': 'https://fakestoreapi.com/img/61U7T1koQqL._AC_SX679_.jpg', 'rating': {'rate': 2.9, 'count': 470}}, {'id': 11, 'title': 'Silicon Power 256GB SSD 3D NAND A55 SLC Cache Performance Boost SATA III 2.5', 'price': 109, 'description': '3D NAND flash are applied to deliver high transfer speeds Remarkable transfer speeds that enable faster bootup and improved overall system performance. The advanced SLC Cache Technology allows performance boost and longer lifespan 7mm slim design suitable for Ultrabooks and Ultra-slim notebooks. Supports TRIM command, Garbage Collection technology, RAID, and ECC (Error Checking &amp; Correction) to provide the optimized performance and enhanced reliability.', 'category': 'electronics', 'image': 'https://fakestoreapi.com/img/71kWymZ+c+L._AC_SX679_.jpg', 'rating': {'rate': 4.8, 'count': 319}}, {'id': 12, 'title': 'WD 4TB Gaming Drive Works with Playstation 4 Portable External Hard Drive', 'price': 114, 'description': "Expand your PS4 gaming experience, Play anywhere Fast and easy, setup Sleek design with high capacity, 3-year manufacturer's limited warranty", 'category': 'electronics', 'image': 'https://fakestoreapi.com/img/61mtL65D4cL._AC_SX679_.jpg', 'rating': {'rate': 4.8, 'count': 400}}, {'id': 13, 'title': 'Acer SB220Q bi 21.5 inches Full HD (1920 x 1080) IPS Ultra-Thin', 'price': 599, 'description': '21. 5 inches Full HD (1920 x 1080) widescreen IPS display And Radeon free Sync technology. No compatibility for VESA Mount Refresh Rate: 75Hz - Using HDMI port Zero-frame design | ultra-thin | 4ms response time | IPS panel Aspect ratio - 16: 9. Color Supported - 16. 7 million colors. Brightness - 250 nit Tilt angle -5 degree to 15 degree. Horizontal viewing angle-178 degree. Vertical viewing angle-178 degree 75 hertz', 'category': 'electronics', 'image': 'https://fakestoreapi.com/img/81QpkIctqPL._AC_SX679_.jpg', 'rating': {'rate': 2.9, 'count': 250}}, {'id': 14, 'title': 'Samsung 49-Inch CHG90 144Hz Curved Gaming Monitor (LC49HG90DMNXZA) – Super Ultrawide Screen QLED ', 'price': 999.99, 'description': '49 INCH SUPER ULTRAWIDE 32:9 CURVED GAMING MONITOR with dual 27 inch screen side by side QUANTUM DOT (QLED) TECHNOLOGY, HDR support and factory calibration provides stunningly realistic and accurate color and contrast 144HZ HIGH REFRESH RATE and 1ms ultra fast response time work to eliminate motion blur, ghosting, and reduce input lag', 'category': 'electronics', 'image': 'https://fakestoreapi.com/img/81Zt42ioCgL._AC_SX679_.jpg', 'rating': {'rate': 2.2, 'count': 140}}, {'id': 15, 'title': "BIYLACLESEN Women's 3-in-1 Snowboard Jacket Winter Coats", 'price': 56.99, 'description': 'Note:The Jackets is US standard size, Please choose size as your usual wear Material: 100% Polyester; Detachable Liner Fabric: Warm Fleece. Detachable Functional Liner: Skin Friendly, Lightweigt and Warm.Stand Collar Liner jacket, keep you warm in cold weather. Zippered Pockets: 2 Zippered Hand Pockets, 2 Zippered Pockets on Chest (enough to keep cards or keys)and 1 Hidden Pocket Inside.Zippered Hand Pockets and Hidden Pocket keep your things secure. Humanized Design: Adjustable and Detachable Hood and Adjustable cuff to prevent the wind and water,for a comfortable fit. 3 in 1 Detachable Design provide more convenience, you can separate the coat and inner as needed, or wear it together. It is suitable for different season and help you adapt to different climates', 'category': "women's clothing", 'image': 'https://fakestoreapi.com/img/51Y5NI-I5jL._AC_UX679_.jpg', 'rating': {'rate': 2.6, 'count': 235}}, {'id': 16, 'title': "Lock and Love Women's Removable Hooded Faux Leather Moto Biker Jacket", 'price': 29.95, 'description': '100% POLYURETHANE(shell) 100% POLYESTER(lining) 75% POLYESTER 25% COTTON (SWEATER), Faux leather material for style and comfort / 2 pockets of front, 2-For-One Hooded denim style faux leather jacket, Button detail on waist / Detail stitching at sides, HAND WASH ONLY / DO NOT BLEACH / LINE DRY / DO NOT IRON', 'category': "women's clothing", 'image': 'https://fakestoreapi.com/img/81XH0e8fefL._AC_UY879_.jpg', 'rating': {'rate': 2.9, 'count': 340}}, {'id': 17, 'title': 'Rain Jacket Women Windbreaker Striped Climbing Raincoats', 'price': 39.99, 'description': "Lightweight perfet for trip or casual wear---Long sleeve with hooded, adjustable drawstring waist design. Button and zipper front closure raincoat, fully stripes Lined and The Raincoat has 2 side pockets are a good size to hold all kinds of things, it covers the hips, and the hood is generous but doesn't overdo it.Attached Cotton Lined Hood with Adjustable Drawstrings give it a real styled look.", 'category': "women's clothing", 'image': 'https://fakestoreapi.com/img/71HblAHs5xL._AC_UY879_-2.jpg', 'rating': {'rate': 3.8, 'count': 679}}, {'id': 18, 'title': "MBJ Women's Solid Short Sleeve Boat Neck V ", 'price': 9.85, 'description': '95% RAYON 5% SPANDEX, Made in USA or Imported, Do Not Bleach, Lightweight fabric with great stretch for comfort, Ribbed on sleeves and neckline / Double stitching on bottom hem', 'category': "women's clothing", 'image': 'https://fakestoreapi.com/img/71z3kpMAYsL._AC_UY879_.jpg', 'rating': {'rate': 4.7, 'count': 130}}, {'id': 19, 'title': "Opna Women's Short Sleeve Moisture", 'price': 7.95, 'description': '100% Polyester, Machine wash, 100% cationic polyester interlock, Machine Wash &amp; Pre Shrunk for a Great Fit, Lightweight, roomy and highly breathable with moisture wicking fabric which helps to keep moisture away, Soft Lightweight Fabric with comfortable V-neck collar and a slimmer fit, delivers a sleek, more feminine silhouette and Added Comfort', 'category': "women's clothing", 'image': 'https://fakestoreapi.com/img/51eg55uWmdL._AC_UX679_.jpg', 'rating': {'rate': 4.5, 'count': 146}}, {'id': 20, 'title': 'DANVOUY Womens T Shirt Casual Cotton Short', 'price': 12.99, 'description': '95%Cotton,5%Spandex, Features: Casual, Short Sleeve, Letter Print,V-Neck,Fashion Tees, The fabric is soft and has some stretch., Occasion: Casual/Office/Beach/School/Home/Street. Season: Spring,Summer,Autumn,Winter.', 'category': "women's clothing", 'image': 'https://fakestoreapi.com/img/61pHAEJ4NML._AC_UX679_.jpg', 'rating': {'rate': 3.6, 'count': 145}}]</msg>
<arg>${All_Product}</arg>
<doc>Logs the given message with the given level.</doc>
<status status="PASS" start="2024-12-26T21:40:26.375765" elapsed="0.000724"/>
</kw>
<status status="PASS" start="2024-12-26T21:40:26.373982" elapsed="0.002580"/>
</branch>
<status status="PASS" start="2024-12-26T21:40:26.373932" elapsed="0.002685"/>
</if>
<arg>${URL}</arg>
<arg>${STATUS_SUCCESS}</arg>
<status status="PASS" start="2024-12-26T21:40:24.320993" elapsed="2.055717"/>
</kw>
<kw name="End API test" owner="CommonAPI" type="TEARDOWN">
<kw name="Delete All Sessions" owner="RequestsLibrary">
<msg time="2024-12-26T21:40:26.378221" level="INFO">Deleting All Sessions</msg>
<doc>Removes all the session objects</doc>
<status status="PASS" start="2024-12-26T21:40:26.378118" elapsed="0.000201"/>
</kw>
<status status="PASS" start="2024-12-26T21:40:26.377498" elapsed="0.000893"/>
</kw>
<doc>Verify that all products can be retrieved successfully</doc>
<tag>1001</tag>
<tag>GET</tag>
<status status="PASS" start="2024-12-26T21:40:24.319635" elapsed="2.058884"/>
</test>
<test id="s1-t2" name="Should not be able to get all product" line="19">
<kw name="Begin API test" owner="CommonAPI" type="SETUP">
<kw name="Create Session" owner="RequestsLibrary">
<msg time="2024-12-26T21:40:26.380203" level="INFO">Creating Session using : alias=My session, url=https://fakestoreapi.com, headers={},                     cookies={}, auth=None, timeout=None, proxies=None, verify=False,                     debug=0 </msg>
<arg>${CREATED_SESSION}</arg>
<arg>${URL}</arg>
<doc>Create Session: create a HTTP session to a server</doc>
<status status="PASS" start="2024-12-26T21:40:26.380056" elapsed="0.000284"/>
</kw>
<status status="PASS" start="2024-12-26T21:40:26.379828" elapsed="0.000574"/>
</kw>
<kw name="Check FakeStore all product" owner="FakeStoreAPIApp">
<kw name="GET On Session" owner="RequestsLibrary">
<msg time="2024-12-26T21:40:31.422897" level="INFO">GET Request : url=https://fakestoreapi.com/test/products 
 path_url=/test/products 
 headers={'User-Agent': 'python-requests/2.32.3', 'Accept-Encoding': 'gzip, deflate', 'Accept': '*/*', 'Connection': 'keep-alive'} 
 body=None 
 </msg>
<msg time="2024-12-26T21:40:31.423108" level="INFO">GET Response : url=https://fakestoreapi.com/test/products 
 status=404, reason=Not Found 
 headers={'Date': 'Thu, 26 Dec 2024 14:40:55 GMT', 'Content-Type': 'text/html; charset=utf-8', 'Transfer-Encoding': 'chunked', 'Connection': 'keep-alive', 'access-control-allow-origin': '*', 'content-security-policy': "default-src 'none'", 'x-content-type-options': 'nosniff', 'x-powered-by': 'Express', 'cf-cache-status': 'DYNAMIC', 'Report-To': '{"endpoints":[{"url":"https:\\/\\/a.nel.cloudflare.com\\/report\\/v4?s=rZGBe7BANiYWOfr0nrxrLmKskRmTAPR7yn%2BfkONIHSb52tcVPCjXuq2lMuJPRxbFvbrqLh6X94mm9WLe%2Fu%2BIS12wiMa63EP1BBOViO52EUjR64j9ZH3ElNUeIAnT%2FSeP7x8a%2FKFHk44USg5Ip4%2BH"}],"group":"cf-nel","max_age":604800}', 'NEL': '{"success_fraction":0,"report_to":"cf-nel","max_age":604800}', 'Server': 'cloudflare', 'CF-RAY': '8f81d40d5fd17dc0-BKK', 'Content-Encoding': 'gzip', 'alt-svc': 'h3=":443"; ma=86400', 'server-timing': 'cfL4;desc="?proto=TCP&amp;rtt=4621&amp;min_rtt=3993&amp;rtt_var=1946&amp;sent=5&amp;recv=6&amp;lost=0&amp;retrans=0&amp;sent_bytes=2853&amp;recv_bytes=779&amp;delivery_rate=1021788&amp;cwnd=252&amp;unsent_bytes=0&amp;cid=2ad9b9eb8658b014&amp;ts=5017&amp;x=0"'} 
 body=&lt;!DOCTYPE html&gt;
&lt;html lang="en"&gt;
&lt;head&gt;
&lt;meta charset="utf-8"&gt;
&lt;title&gt;Error&lt;/title&gt;
&lt;/head&gt;
&lt;body&gt;
&lt;pre&gt;Cannot GET /test/products&lt;/pre&gt;
&lt;/body&gt;
&lt;/html&gt;
 
 </msg>
<msg time="2024-12-26T21:40:31.423290" level="INFO">C:\Users\tao_2\AppData\Local\Programs\Python\Python313\Lib\site-packages\urllib3\connectionpool.py:1099: InsecureRequestWarning: Unverified HTTPS request is being made to host 'fakestoreapi.com'. Adding certificate verification is strongly advised. See: https://urllib3.readthedocs.io/en/latest/advanced-usage.html#tls-warnings
  warnings.warn(</msg>
<msg time="2024-12-26T21:40:31.423967" level="INFO">${Respone} = &lt;Response [404]&gt;</msg>
<var>${Respone}</var>
<arg>${CREATED_SESSION}</arg>
<arg>${URL}${PRODUCTS_PATH}</arg>
<arg>expected_status=${Status}</arg>
<doc>Sends a GET request on a previously created HTTP Session.</doc>
<status status="PASS" start="2024-12-26T21:40:26.380851" elapsed="5.043213"/>
</kw>
<if>
<branch type="IF" condition="${Status} == 200">
<kw name="Set Variable" owner="BuiltIn">
<var>${All_Product}</var>
<arg>${Respone.json()}</arg>
<doc>Returns the given values which can then be assigned to a variables.</doc>
<status status="NOT RUN" start="2024-12-26T21:40:31.424819" elapsed="0.000039"/>
</kw>
<kw name="Log" owner="BuiltIn">
<arg>${All_Product}</arg>
<doc>Logs the given message with the given level.</doc>
<status status="NOT RUN" start="2024-12-26T21:40:31.425021" elapsed="0.000025"/>
</kw>
<status status="NOT RUN" start="2024-12-26T21:40:31.424437" elapsed="0.000657"/>
</branch>
<status status="PASS" start="2024-12-26T21:40:31.424382" elapsed="0.000755"/>
</if>
<arg>${INVALID_URL}</arg>
<arg>${STATUS_NOT_FOUND}</arg>
<status status="PASS" start="2024-12-26T21:40:26.380631" elapsed="5.044593"/>
</kw>
<kw name="End API test" owner="CommonAPI" type="TEARDOWN">
<kw name="Delete All Sessions" owner="RequestsLibrary">
<msg time="2024-12-26T21:40:31.426529" level="INFO">Deleting All Sessions</msg>
<doc>Removes all the session objects</doc>
<status status="PASS" start="2024-12-26T21:40:31.426333" elapsed="0.000341"/>
</kw>
<status status="PASS" start="2024-12-26T21:40:31.425950" elapsed="0.000807"/>
</kw>
<doc>Verify that all products can not be retrieved</doc>
<tag>1002</tag>
<tag>GET</tag>
<status status="PASS" start="2024-12-26T21:40:26.379333" elapsed="5.047608"/>
</test>
<test id="s1-t3" name="Should be able to add new product" line="24">
<kw name="Begin API test" owner="CommonAPI" type="SETUP">
<kw name="Create Session" owner="RequestsLibrary">
<msg time="2024-12-26T21:40:31.428853" level="INFO">Creating Session using : alias=My session, url=https://fakestoreapi.com, headers={},                     cookies={}, auth=None, timeout=None, proxies=None, verify=False,                     debug=0 </msg>
<arg>${CREATED_SESSION}</arg>
<arg>${URL}</arg>
<doc>Create Session: create a HTTP session to a server</doc>
<status status="PASS" start="2024-12-26T21:40:31.428724" elapsed="0.000258"/>
</kw>
<status status="PASS" start="2024-12-26T21:40:31.428502" elapsed="0.000535"/>
</kw>
<kw name="Add new product to FakeStore" owner="FakeStoreAPIApp">
<kw name="POST On Session" owner="RequestsLibrary">
<msg time="2024-12-26T21:40:31.864830" level="INFO">POST Request : url=https://fakestoreapi.com/products 
 path_url=/products 
 headers={'User-Agent': 'python-requests/2.32.3', 'Accept-Encoding': 'gzip, deflate', 'Accept': '*/*', 'Connection': 'keep-alive', 'Content-Length': '112', 'Content-Type': 'application/x-www-form-urlencoded'} 
 body=title=Snow+Fuji&amp;price=53.99&amp;description=Hello+World&amp;category=men%27s+clothing&amp;image=https%3A%2F%2Fwww.google.com 
 </msg>
<msg time="2024-12-26T21:40:31.865093" level="INFO">POST Response : url=https://fakestoreapi.com/products 
 status=200, reason=OK 
 headers={'Date': 'Thu, 26 Dec 2024 14:40:56 GMT', 'Content-Type': 'application/json; charset=utf-8', 'Transfer-Encoding': 'chunked', 'Connection': 'keep-alive', 'access-control-allow-origin': '*', 'etag': 'W/"86-34sq43zBk/tT2LiJfEjRAwVkl78"', 'x-powered-by': 'Express', 'cf-cache-status': 'DYNAMIC', 'Report-To': '{"endpoints":[{"url":"https:\\/\\/a.nel.cloudflare.com\\/report\\/v4?s=QaqhOct2yKVE9LamcCfYTvZgRX6E%2FkujEoJJHBCCmKLyotJZHYbbU0nv1i6ta23EHCk4lQTzKawbCC8BzVenFQ%2FddYoCEEAAPtlGt273XW5qsgbtrvtrY1piKA7Fbzf9wtUjMsWVSW1mCyPrMyvo"}],"group":"cf-nel","max_age":604800}', 'NEL': '{"success_fraction":0,"report_to":"cf-nel","max_age":604800}', 'Server': 'cloudflare', 'CF-RAY': '8f81d42d5977ce67-SIN', 'Content-Encoding': 'gzip', 'alt-svc': 'h3=":443"; ma=86400', 'server-timing': 'cfL4;desc="?proto=TCP&amp;rtt=29406&amp;min_rtt=28819&amp;rtt_var=11226&amp;sent=6&amp;recv=7&amp;lost=0&amp;retrans=0&amp;sent_bytes=2854&amp;recv_bytes=979&amp;delivery_rate=141573&amp;cwnd=252&amp;unsent_bytes=0&amp;cid=cdb244dcff452968&amp;ts=355&amp;x=0"'} 
 body={"id":21,"title":"Snow Fuji","price":"53.99","description":"Hello World","image":"https://www.google.com","category":"men's clothing"} 
 </msg>
<msg time="2024-12-26T21:40:31.865608" level="INFO">C:\Users\tao_2\AppData\Local\Programs\Python\Python313\Lib\site-packages\urllib3\connectionpool.py:1099: InsecureRequestWarning: Unverified HTTPS request is being made to host 'fakestoreapi.com'. Adding certificate verification is strongly advised. See: https://urllib3.readthedocs.io/en/latest/advanced-usage.html#tls-warnings
  warnings.warn(</msg>
<msg time="2024-12-26T21:40:31.866604" level="INFO">${Respone} = &lt;Response [200]&gt;</msg>
<var>${Respone}</var>
<arg>${CREATED_SESSION}</arg>
<arg>${URL}${PRODUCTS_PATH}</arg>
<arg>${NEW_PRODUCT}</arg>
<arg>expected_status=${Status}</arg>
<doc>Sends a POST request on a previously created HTTP Session.</doc>
<status status="PASS" start="2024-12-26T21:40:31.429444" elapsed="0.437288"/>
</kw>
<if>
<branch type="IF" condition="${Status} == 200">
<kw name="Set Variable" owner="BuiltIn">
<msg time="2024-12-26T21:40:31.869046" level="INFO">${Created_Product} = {'id': 21, 'title': 'Snow Fuji', 'price': '53.99', 'description': 'Hello World', 'image': 'https://www.google.com', 'category': "men's clothing"}</msg>
<var>${Created_Product}</var>
<arg>${Respone.json()}</arg>
<doc>Returns the given values which can then be assigned to a variables.</doc>
<status status="PASS" start="2024-12-26T21:40:31.867699" elapsed="0.001558"/>
</kw>
<kw name="Log" owner="BuiltIn">
<msg time="2024-12-26T21:40:31.870548" level="INFO">{'id': 21, 'title': 'Snow Fuji', 'price': '53.99', 'description': 'Hello World', 'image': 'https://www.google.com', 'category': "men's clothing"}</msg>
<arg>${Created_Product}</arg>
<doc>Logs the given message with the given level.</doc>
<status status="PASS" start="2024-12-26T21:40:31.869720" elapsed="0.001035"/>
</kw>
<status status="PASS" start="2024-12-26T21:40:31.867183" elapsed="0.003705"/>
</branch>
<status status="PASS" start="2024-12-26T21:40:31.867117" elapsed="0.003858"/>
</if>
<arg>${URL}</arg>
<arg>${STATUS_SUCCESS}</arg>
<status status="PASS" start="2024-12-26T21:40:31.429243" elapsed="0.441845"/>
</kw>
<kw name="End API test" owner="CommonAPI" type="TEARDOWN">
<kw name="Delete All Sessions" owner="RequestsLibrary">
<msg time="2024-12-26T21:40:31.872539" level="INFO">Deleting All Sessions</msg>
<doc>Removes all the session objects</doc>
<status status="PASS" start="2024-12-26T21:40:31.872398" elapsed="0.000264"/>
</kw>
<status status="PASS" start="2024-12-26T21:40:31.871858" elapsed="0.000905"/>
</kw>
<doc>Verify that product has added successfully</doc>
<tag>1003</tag>
<tag>POST</tag>
<status status="PASS" start="2024-12-26T21:40:31.427984" elapsed="0.444997"/>
</test>
<test id="s1-t4" name="Should not be able to add new product" line="29">
<kw name="Begin API test" owner="CommonAPI" type="SETUP">
<kw name="Create Session" owner="RequestsLibrary">
<msg time="2024-12-26T21:40:31.874581" level="INFO">Creating Session using : alias=My session, url=https://fakestoreapi.com, headers={},                     cookies={}, auth=None, timeout=None, proxies=None, verify=False,                     debug=0 </msg>
<arg>${CREATED_SESSION}</arg>
<arg>${URL}</arg>
<doc>Create Session: create a HTTP session to a server</doc>
<status status="PASS" start="2024-12-26T21:40:31.874393" elapsed="0.000347"/>
</kw>
<status status="PASS" start="2024-12-26T21:40:31.874125" elapsed="0.000692"/>
</kw>
<kw name="Add new product to FakeStore" owner="FakeStoreAPIApp">
<kw name="POST On Session" owner="RequestsLibrary">
<msg time="2024-12-26T21:40:36.149832" level="INFO">POST Request : url=https://fakestoreapi.com/test/products 
 path_url=/test/products 
 headers={'User-Agent': 'python-requests/2.32.3', 'Accept-Encoding': 'gzip, deflate', 'Accept': '*/*', 'Connection': 'keep-alive', 'Content-Length': '112', 'Content-Type': 'application/x-www-form-urlencoded'} 
 body=title=Snow+Fuji&amp;price=53.99&amp;description=Hello+World&amp;category=men%27s+clothing&amp;image=https%3A%2F%2Fwww.google.com 
 </msg>
<msg time="2024-12-26T21:40:36.150104" level="INFO">POST Response : url=https://fakestoreapi.com/test/products 
 status=404, reason=Not Found 
 headers={'Date': 'Thu, 26 Dec 2024 14:41:00 GMT', 'Content-Type': 'text/html; charset=utf-8', 'Transfer-Encoding': 'chunked', 'Connection': 'keep-alive', 'access-control-allow-origin': '*', 'content-security-policy': "default-src 'none'", 'x-content-type-options': 'nosniff', 'x-powered-by': 'Express', 'cf-cache-status': 'DYNAMIC', 'Report-To': '{"endpoints":[{"url":"https:\\/\\/a.nel.cloudflare.com\\/report\\/v4?s=ikhtFtFovgHoqcc%2BQENQYLxasu%2BLRU0l%2BVsTv8CrJnLf1pRU4xKOhJi9OPHSfkcaEC4%2FhlxhCnnBnBXjKexE2jCIJTBDmH%2FDv0JL%2FjYlmVhgFSH4xTn7lIv0y7Mry9fetqOjln95kKNinpH5eMaY"}],"group":"cf-nel","max_age":604800}', 'NEL': '{"success_fraction":0,"report_to":"cf-nel","max_age":604800}', 'Server': 'cloudflare', 'CF-RAY': '8f81d4300b96ce2b-SIN', 'Content-Encoding': 'gzip', 'alt-svc': 'h3=":443"; ma=86400', 'server-timing': 'cfL4;desc="?proto=TCP&amp;rtt=27726&amp;min_rtt=27429&amp;rtt_var=10498&amp;sent=5&amp;recv=7&amp;lost=0&amp;retrans=0&amp;sent_bytes=2853&amp;recv_bytes=984&amp;delivery_rate=148747&amp;cwnd=252&amp;unsent_bytes=0&amp;cid=742b8980fcd97e52&amp;ts=4200&amp;x=0"'} 
 body=&lt;!DOCTYPE html&gt;
&lt;html lang="en"&gt;
&lt;head&gt;
&lt;meta charset="utf-8"&gt;
&lt;title&gt;Error&lt;/title&gt;
&lt;/head&gt;
&lt;body&gt;
&lt;pre&gt;Cannot POST /test/products&lt;/pre&gt;
&lt;/body&gt;
&lt;/html&gt;
 
 </msg>
<msg time="2024-12-26T21:40:36.150328" level="INFO">C:\Users\tao_2\AppData\Local\Programs\Python\Python313\Lib\site-packages\urllib3\connectionpool.py:1099: InsecureRequestWarning: Unverified HTTPS request is being made to host 'fakestoreapi.com'. Adding certificate verification is strongly advised. See: https://urllib3.readthedocs.io/en/latest/advanced-usage.html#tls-warnings
  warnings.warn(</msg>
<msg time="2024-12-26T21:40:36.150983" level="INFO">${Respone} = &lt;Response [404]&gt;</msg>
<var>${Respone}</var>
<arg>${CREATED_SESSION}</arg>
<arg>${URL}${PRODUCTS_PATH}</arg>
<arg>${NEW_PRODUCT}</arg>
<arg>expected_status=${Status}</arg>
<doc>Sends a POST request on a previously created HTTP Session.</doc>
<status status="PASS" start="2024-12-26T21:40:31.875447" elapsed="4.275650"/>
</kw>
<if>
<branch type="IF" condition="${Status} == 200">
<kw name="Set Variable" owner="BuiltIn">
<var>${Created_Product}</var>
<arg>${Respone.json()}</arg>
<doc>Returns the given values which can then be assigned to a variables.</doc>
<status status="NOT RUN" start="2024-12-26T21:40:36.152058" elapsed="0.000041"/>
</kw>
<kw name="Log" owner="BuiltIn">
<arg>${Created_Product}</arg>
<doc>Logs the given message with the given level.</doc>
<status status="NOT RUN" start="2024-12-26T21:40:36.152270" elapsed="0.000027"/>
</kw>
<status status="NOT RUN" start="2024-12-26T21:40:36.151409" elapsed="0.000939"/>
</branch>
<status status="PASS" start="2024-12-26T21:40:36.151352" elapsed="0.001051"/>
</if>
<arg>${INVALID_URL}</arg>
<arg>${STATUS_NOT_FOUND}</arg>
<status status="PASS" start="2024-12-26T21:40:31.875130" elapsed="4.277360"/>
</kw>
<kw name="End API test" owner="CommonAPI" type="TEARDOWN">
<kw name="Delete All Sessions" owner="RequestsLibrary">
<msg time="2024-12-26T21:40:36.153373" level="INFO">Deleting All Sessions</msg>
<doc>Removes all the session objects</doc>
<status status="PASS" start="2024-12-26T21:40:36.153275" elapsed="0.000177"/>
</kw>
<status status="PASS" start="2024-12-26T21:40:36.152950" elapsed="0.000575"/>
</kw>
<doc>Verify that product has not added</doc>
<tag>1004</tag>
<tag>POST</tag>
<status status="PASS" start="2024-12-26T21:40:31.873563" elapsed="4.280072"/>
</test>
<test id="s1-t5" name="Should be able to edit product information" line="34">
<kw name="Begin API test" owner="CommonAPI" type="SETUP">
<kw name="Create Session" owner="RequestsLibrary">
<msg time="2024-12-26T21:40:36.155233" level="INFO">Creating Session using : alias=My session, url=https://fakestoreapi.com, headers={},                     cookies={}, auth=None, timeout=None, proxies=None, verify=False,                     debug=0 </msg>
<arg>${CREATED_SESSION}</arg>
<arg>${URL}</arg>
<doc>Create Session: create a HTTP session to a server</doc>
<status status="PASS" start="2024-12-26T21:40:36.155095" elapsed="0.000311"/>
</kw>
<status status="PASS" start="2024-12-26T21:40:36.154880" elapsed="0.000584"/>
</kw>
<kw name="Edit product information" owner="FakeStoreAPIApp">
<kw name="PUT On Session" owner="RequestsLibrary">
<msg time="2024-12-26T21:40:36.853542" level="INFO">PUT Request : url=https://fakestoreapi.com/products/5 
 path_url=/products/5 
 headers={'User-Agent': 'python-requests/2.32.3', 'Accept-Encoding': 'gzip, deflate', 'Accept': '*/*', 'Connection': 'keep-alive', 'Content-Length': '95', 'Content-Type': 'application/x-www-form-urlencoded'} 
 body=title=Update&amp;price=100.99&amp;description=abc&amp;category=jewelery&amp;image=https%3A%2F%2Fwww.youtube.com 
 </msg>
<msg time="2024-12-26T21:40:36.853743" level="INFO">PUT Response : url=https://fakestoreapi.com/products/5 
 status=200, reason=OK 
 headers={'Date': 'Thu, 26 Dec 2024 14:41:01 GMT', 'Content-Type': 'application/json; charset=utf-8', 'Transfer-Encoding': 'chunked', 'Connection': 'keep-alive', 'access-control-allow-origin': '*', 'etag': 'W/"76-w8mN2iKwNm6I/XaR+6dC/CYBrPY"', 'x-powered-by': 'Express', 'cf-cache-status': 'DYNAMIC', 'Report-To': '{"endpoints":[{"url":"https:\\/\\/a.nel.cloudflare.com\\/report\\/v4?s=rtx8poigDgA14OA0b%2Bo5jvJMzqjDeutFaS2lnd1QVAiAyIkNE2NU6Z9jKrWVfcVoXZp9LDurqjlFsad4HTYzFE%2F1Z%2BmWd10nUgGCZTLAtQkHN7Sta8JRoW%2FXur60vJmHt8s1VOeeMcMqTGjw9d%2Fe"}],"group":"cf-nel","max_age":604800}', 'NEL': '{"success_fraction":0,"report_to":"cf-nel","max_age":604800}', 'Server': 'cloudflare', 'CF-RAY': '8f81d44a6a147995-BKK', 'Content-Encoding': 'gzip', 'alt-svc': 'h3=":443"; ma=86400', 'server-timing': 'cfL4;desc="?proto=TCP&amp;rtt=4441&amp;min_rtt=3998&amp;rtt_var=1816&amp;sent=5&amp;recv=7&amp;lost=0&amp;retrans=0&amp;sent_bytes=2854&amp;recv_bytes=962&amp;delivery_rate=1020510&amp;cwnd=252&amp;unsent_bytes=0&amp;cid=3dc6c5b8961b9dcd&amp;ts=674&amp;x=0"'} 
 body={"id":5,"title":"Update","price":"100.99","description":"abc","image":"https://www.youtube.com","category":"jewelery"} 
 </msg>
<msg time="2024-12-26T21:40:36.853888" level="INFO">C:\Users\tao_2\AppData\Local\Programs\Python\Python313\Lib\site-packages\urllib3\connectionpool.py:1099: InsecureRequestWarning: Unverified HTTPS request is being made to host 'fakestoreapi.com'. Adding certificate verification is strongly advised. See: https://urllib3.readthedocs.io/en/latest/advanced-usage.html#tls-warnings
  warnings.warn(</msg>
<msg time="2024-12-26T21:40:36.854566" level="INFO">${Respone} = &lt;Response [200]&gt;</msg>
<var>${Respone}</var>
<arg>${CREATED_SESSION}</arg>
<arg>${URL}${PRODUCTS_PATH}/${PRODUCT_ID}</arg>
<arg>${EDIT_PRODUCT}</arg>
<arg>expected_status=${Status}</arg>
<doc>Sends a PUT request on a previously created HTTP Session.</doc>
<status status="PASS" start="2024-12-26T21:40:36.155962" elapsed="0.698727"/>
</kw>
<if>
<branch type="IF" condition="${Status} == 200">
<kw name="Set Variable" owner="BuiltIn">
<msg time="2024-12-26T21:40:36.856349" level="INFO">${Edited_Product} = {'id': 5, 'title': 'Update', 'price': '100.99', 'description': 'abc', 'image': 'https://www.youtube.com', 'category': 'jewelery'}</msg>
<var>${Edited_Product}</var>
<arg>${Respone.json()}</arg>
<doc>Returns the given values which can then be assigned to a variables.</doc>
<status status="PASS" start="2024-12-26T21:40:36.855400" elapsed="0.001000"/>
</kw>
<kw name="Log" owner="BuiltIn">
<msg time="2024-12-26T21:40:36.856863" level="INFO">{'id': 5, 'title': 'Update', 'price': '100.99', 'description': 'abc', 'image': 'https://www.youtube.com', 'category': 'jewelery'}</msg>
<arg>${Edited_Product}</arg>
<doc>Logs the given message with the given level.</doc>
<status status="PASS" start="2024-12-26T21:40:36.856616" elapsed="0.000330"/>
</kw>
<status status="PASS" start="2024-12-26T21:40:36.854992" elapsed="0.002024"/>
</branch>
<status status="PASS" start="2024-12-26T21:40:36.854938" elapsed="0.002130"/>
</if>
<arg>${URL}</arg>
<arg>${STATUS_SUCCESS}</arg>
<status status="PASS" start="2024-12-26T21:40:36.155720" elapsed="0.701435"/>
</kw>
<kw name="End API test" owner="CommonAPI" type="TEARDOWN">
<kw name="Delete All Sessions" owner="RequestsLibrary">
<msg time="2024-12-26T21:40:36.858664" level="INFO">Deleting All Sessions</msg>
<doc>Removes all the session objects</doc>
<status status="PASS" start="2024-12-26T21:40:36.858527" elapsed="0.000245"/>
</kw>
<status status="PASS" start="2024-12-26T21:40:36.857922" elapsed="0.000951"/>
</kw>
<doc>Verify that product can edit</doc>
<tag>1005</tag>
<tag>PUT</tag>
<status status="PASS" start="2024-12-26T21:40:36.154332" elapsed="0.704791"/>
</test>
<test id="s1-t6" name="Should not be able to edit product information" line="39">
<kw name="Begin API test" owner="CommonAPI" type="SETUP">
<kw name="Create Session" owner="RequestsLibrary">
<msg time="2024-12-26T21:40:36.861065" level="INFO">Creating Session using : alias=My session, url=https://fakestoreapi.com, headers={},                     cookies={}, auth=None, timeout=None, proxies=None, verify=False,                     debug=0 </msg>
<arg>${CREATED_SESSION}</arg>
<arg>${URL}</arg>
<doc>Create Session: create a HTTP session to a server</doc>
<status status="PASS" start="2024-12-26T21:40:36.860904" elapsed="0.000320"/>
</kw>
<status status="PASS" start="2024-12-26T21:40:36.860632" elapsed="0.000671"/>
</kw>
<kw name="Edit product information" owner="FakeStoreAPIApp">
<kw name="PUT On Session" owner="RequestsLibrary">
<msg time="2024-12-26T21:40:41.284498" level="INFO">PUT Request : url=https://fakestoreapi.com/test/products/5 
 path_url=/test/products/5 
 headers={'User-Agent': 'python-requests/2.32.3', 'Accept-Encoding': 'gzip, deflate', 'Accept': '*/*', 'Connection': 'keep-alive', 'Content-Length': '95', 'Content-Type': 'application/x-www-form-urlencoded'} 
 body=title=Update&amp;price=100.99&amp;description=abc&amp;category=jewelery&amp;image=https%3A%2F%2Fwww.youtube.com 
 </msg>
<msg time="2024-12-26T21:40:41.284701" level="INFO">PUT Response : url=https://fakestoreapi.com/test/products/5 
 status=404, reason=Not Found 
 headers={'Date': 'Thu, 26 Dec 2024 14:41:05 GMT', 'Content-Type': 'text/html; charset=utf-8', 'Transfer-Encoding': 'chunked', 'Connection': 'keep-alive', 'access-control-allow-origin': '*', 'content-security-policy': "default-src 'none'", 'x-content-type-options': 'nosniff', 'x-powered-by': 'Express', 'cf-cache-status': 'DYNAMIC', 'Report-To': '{"endpoints":[{"url":"https:\\/\\/a.nel.cloudflare.com\\/report\\/v4?s=l1Mz78dG1%2BfmGuASz9DnLUwp%2FDQc0bMjj1vX61Mjk1JVojuPCPV3VasqCd44CrpnKHySFuc3n0qxJ%2BkV%2FblNt5WkUtFVMigFoiGJqCngwPa65PQBX9DRtbrEMlWIWfaW%2BYOp%2F6fBa0d9GQU5B7WD"}],"group":"cf-nel","max_age":604800}', 'NEL': '{"success_fraction":0,"report_to":"cf-nel","max_age":604800}', 'Server': 'cloudflare', 'CF-RAY': '8f81d44f3db0243c-SIN', 'Content-Encoding': 'gzip', 'alt-svc': 'h3=":443"; ma=86400', 'server-timing': 'cfL4;desc="?proto=TCP&amp;rtt=26667&amp;min_rtt=26069&amp;rtt_var=10203&amp;sent=6&amp;recv=7&amp;lost=0&amp;retrans=0&amp;sent_bytes=2853&amp;recv_bytes=967&amp;delivery_rate=156507&amp;cwnd=252&amp;unsent_bytes=0&amp;cid=79a3ef994fe19dd0&amp;ts=4352&amp;x=0"'} 
 body=&lt;!DOCTYPE html&gt;
&lt;html lang="en"&gt;
&lt;head&gt;
&lt;meta charset="utf-8"&gt;
&lt;title&gt;Error&lt;/title&gt;
&lt;/head&gt;
&lt;body&gt;
&lt;pre&gt;Cannot PUT /test/products/5&lt;/pre&gt;
&lt;/body&gt;
&lt;/html&gt;
 
 </msg>
<msg time="2024-12-26T21:40:41.285699" level="INFO">C:\Users\tao_2\AppData\Local\Programs\Python\Python313\Lib\site-packages\urllib3\connectionpool.py:1099: InsecureRequestWarning: Unverified HTTPS request is being made to host 'fakestoreapi.com'. Adding certificate verification is strongly advised. See: https://urllib3.readthedocs.io/en/latest/advanced-usage.html#tls-warnings
  warnings.warn(</msg>
<msg time="2024-12-26T21:40:41.286244" level="INFO">${Respone} = &lt;Response [404]&gt;</msg>
<var>${Respone}</var>
<arg>${CREATED_SESSION}</arg>
<arg>${URL}${PRODUCTS_PATH}/${PRODUCT_ID}</arg>
<arg>${EDIT_PRODUCT}</arg>
<arg>expected_status=${Status}</arg>
<doc>Sends a PUT request on a previously created HTTP Session.</doc>
<status status="PASS" start="2024-12-26T21:40:36.861830" elapsed="4.424495"/>
</kw>
<if>
<branch type="IF" condition="${Status} == 200">
<kw name="Set Variable" owner="BuiltIn">
<var>${Edited_Product}</var>
<arg>${Respone.json()}</arg>
<doc>Returns the given values which can then be assigned to a variables.</doc>
<status status="NOT RUN" start="2024-12-26T21:40:41.287096" elapsed="0.000035"/>
</kw>
<kw name="Log" owner="BuiltIn">
<arg>${Edited_Product}</arg>
<doc>Logs the given message with the given level.</doc>
<status status="NOT RUN" start="2024-12-26T21:40:41.287261" elapsed="0.000021"/>
</kw>
<status status="NOT RUN" start="2024-12-26T21:40:41.286787" elapsed="0.000532"/>
</branch>
<status status="PASS" start="2024-12-26T21:40:41.286751" elapsed="0.000600"/>
</if>
<arg>${INVALID_URL}</arg>
<arg>${STATUS_NOT_FOUND}</arg>
<status status="PASS" start="2024-12-26T21:40:36.861564" elapsed="4.425858"/>
</kw>
<kw name="End API test" owner="CommonAPI" type="TEARDOWN">
<kw name="Delete All Sessions" owner="RequestsLibrary">
<msg time="2024-12-26T21:40:41.288409" level="INFO">Deleting All Sessions</msg>
<doc>Removes all the session objects</doc>
<status status="PASS" start="2024-12-26T21:40:41.288327" elapsed="0.000160"/>
</kw>
<status status="PASS" start="2024-12-26T21:40:41.288040" elapsed="0.000511"/>
</kw>
<doc>Verify that product can not edit</doc>
<tag>1006</tag>
<tag>PUT</tag>
<status status="PASS" start="2024-12-26T21:40:36.860002" elapsed="4.428651"/>
</test>
<test id="s1-t7" name="Should be able to delete product" line="44">
<kw name="Begin API test" owner="CommonAPI" type="SETUP">
<kw name="Create Session" owner="RequestsLibrary">
<msg time="2024-12-26T21:40:41.290171" level="INFO">Creating Session using : alias=My session, url=https://fakestoreapi.com, headers={},                     cookies={}, auth=None, timeout=None, proxies=None, verify=False,                     debug=0 </msg>
<arg>${CREATED_SESSION}</arg>
<arg>${URL}</arg>
<doc>Create Session: create a HTTP session to a server</doc>
<status status="PASS" start="2024-12-26T21:40:41.290055" elapsed="0.000222"/>
</kw>
<status status="PASS" start="2024-12-26T21:40:41.289882" elapsed="0.000441"/>
</kw>
<kw name="Delete product from FakeStore" owner="FakeStoreAPIApp">
<kw name="DELETE On Session" owner="RequestsLibrary">
<msg time="2024-12-26T21:40:45.780756" level="INFO">DELETE Request : url=https://fakestoreapi.com/products/5 
 path_url=/products/5 
 headers={'User-Agent': 'python-requests/2.32.3', 'Accept-Encoding': 'gzip, deflate', 'Accept': '*/*', 'Connection': 'keep-alive', 'Content-Length': '0'} 
 body=None 
 </msg>
<msg time="2024-12-26T21:40:45.780824" level="INFO">DELETE Response : url=https://fakestoreapi.com/products/5 
 status=200, reason=OK 
 headers={'Date': 'Thu, 26 Dec 2024 14:41:10 GMT', 'Content-Type': 'application/json; charset=utf-8', 'Transfer-Encoding': 'chunked', 'Connection': 'keep-alive', 'access-control-allow-origin': '*', 'etag': 'W/"1c4-yV39eLSyZctGOOmgynRocvEzFjQ"', 'x-powered-by': 'Express', 'cf-cache-status': 'DYNAMIC', 'Report-To': '{"endpoints":[{"url":"https:\\/\\/a.nel.cloudflare.com\\/report\\/v4?s=fM3H8o5XNcxqlmaaHIQ8KulQSuRqhbT2C%2B5%2BSV5vq4DrjAsG2lTYUIWP66hOKM5b480SyOCT4pb3363ok11JFAUL04UaMZX%2BvtPk6TCjr4FqkrOq0Xq1Cfj6bwqtXMkPcmfCd1BE%2FCcfePaJA3Z%2B"}],"group":"cf-nel","max_age":604800}', 'NEL': '{"success_fraction":0,"report_to":"cf-nel","max_age":604800}', 'Server': 'cloudflare', 'CF-RAY': '8f81d46af87c0dcf-SIN', 'Content-Encoding': 'gzip', 'alt-svc': 'h3=":443"; ma=86400', 'server-timing': 'cfL4;desc="?proto=TCP&amp;rtt=29125&amp;min_rtt=28417&amp;rtt_var=11162&amp;sent=5&amp;recv=6&amp;lost=0&amp;retrans=0&amp;sent_bytes=2853&amp;recv_bytes=798&amp;delivery_rate=143576&amp;cwnd=252&amp;unsent_bytes=0&amp;cid=f44aef001908f357&amp;ts=4415&amp;x=0"'} 
 body={"id":5,"title":"John Hardy Women's Legends Naga Gold &amp; Silver Dragon Station Chain Bracelet","price":695,"description":"From our Legends Collection, the Naga was inspired by the mythical water dragon that protects the ocean's pearl. Wear facing inward to be bestowed with love and abundance, or outward for protection.","category":"jewelery","image":"https://fakestoreapi.com/img/71pWzhdJNwL._AC_UL640_QL65_ML3_.jpg","rating":{"rate":4.6,"count":400}} 
 </msg>
<msg time="2024-12-26T21:40:45.780872" level="INFO">C:\Users\tao_2\AppData\Local\Programs\Python\Python313\Lib\site-packages\urllib3\connectionpool.py:1099: InsecureRequestWarning: Unverified HTTPS request is being made to host 'fakestoreapi.com'. Adding certificate verification is strongly advised. See: https://urllib3.readthedocs.io/en/latest/advanced-usage.html#tls-warnings
  warnings.warn(</msg>
<msg time="2024-12-26T21:40:45.781032" level="INFO">${Respone} = &lt;Response [200]&gt;</msg>
<var>${Respone}</var>
<arg>${CREATED_SESSION}</arg>
<arg>${URL}${PRODUCTS_PATH}/${PRODUCT_ID}</arg>
<arg>expected_status=${Status}</arg>
<doc>Sends a DELETE request on a previously created HTTP Session.</doc>
<status status="PASS" start="2024-12-26T21:40:41.290696" elapsed="4.490350"/>
</kw>
<if>
<branch type="IF" condition="${Status} == 200">
<kw name="Set Variable" owner="BuiltIn">
<msg time="2024-12-26T21:40:45.782680" level="INFO">${Deleted_Product} = {'id': 5, 'title': "John Hardy Women's Legends Naga Gold &amp; Silver Dragon Station Chain Bracelet", 'price': 695, 'description': "From our Legends Collection, the Naga was inspired by the mythical water...</msg>
<var>${Deleted_Product}</var>
<arg>${Respone.json()}</arg>
<doc>Returns the given values which can then be assigned to a variables.</doc>
<status status="PASS" start="2024-12-26T21:40:45.782309" elapsed="0.000390"/>
</kw>
<kw name="Log" owner="BuiltIn">
<msg time="2024-12-26T21:40:45.782860" level="INFO">{'id': 5, 'title': "John Hardy Women's Legends Naga Gold &amp; Silver Dragon Station Chain Bracelet", 'price': 695, 'description': "From our Legends Collection, the Naga was inspired by the mythical water dragon that protects the ocean's pearl. Wear facing inward to be bestowed with love and abundance, or outward for protection.", 'category': 'jewelery', 'image': 'https://fakestoreapi.com/img/71pWzhdJNwL._AC_UL640_QL65_ML3_.jpg', 'rating': {'rate': 4.6, 'count': 400}}</msg>
<arg>${Deleted_Product}</arg>
<doc>Logs the given message with the given level.</doc>
<status status="PASS" start="2024-12-26T21:40:45.782779" elapsed="0.000109"/>
</kw>
<status status="PASS" start="2024-12-26T21:40:45.781827" elapsed="0.001082"/>
</branch>
<status status="PASS" start="2024-12-26T21:40:45.781657" elapsed="0.001270"/>
</if>
<arg>${URL}</arg>
<arg>${STATUS_SUCCESS}</arg>
<status status="PASS" start="2024-12-26T21:40:41.290497" elapsed="4.492461"/>
</kw>
<kw name="End API test" owner="CommonAPI" type="TEARDOWN">
<kw name="Delete All Sessions" owner="RequestsLibrary">
<msg time="2024-12-26T21:40:45.783417" level="INFO">Deleting All Sessions</msg>
<doc>Removes all the session objects</doc>
<status status="PASS" start="2024-12-26T21:40:45.783373" elapsed="0.000085"/>
</kw>
<status status="PASS" start="2024-12-26T21:40:45.783221" elapsed="0.000270"/>
</kw>
<doc>Verify that product has been deleted</doc>
<tag>1007</tag>
<tag>DELETE</tag>
<status status="PASS" start="2024-12-26T21:40:41.289438" elapsed="4.494117"/>
</test>
<test id="s1-t8" name="Should not be able to delete product" line="49">
<kw name="Begin API test" owner="CommonAPI" type="SETUP">
<kw name="Create Session" owner="RequestsLibrary">
<msg time="2024-12-26T21:40:45.784148" level="INFO">Creating Session using : alias=My session, url=https://fakestoreapi.com, headers={},                     cookies={}, auth=None, timeout=None, proxies=None, verify=False,                     debug=0 </msg>
<arg>${CREATED_SESSION}</arg>
<arg>${URL}</arg>
<doc>Create Session: create a HTTP session to a server</doc>
<status status="PASS" start="2024-12-26T21:40:45.784066" elapsed="0.000168"/>
</kw>
<status status="PASS" start="2024-12-26T21:40:45.783957" elapsed="0.000388"/>
</kw>
<kw name="Delete product from FakeStore" owner="FakeStoreAPIApp">
<kw name="DELETE On Session" owner="RequestsLibrary">
<msg time="2024-12-26T21:40:46.787836" level="INFO">DELETE Request : url=https://fakestoreapi.com/test/products/5 
 path_url=/test/products/5 
 headers={'User-Agent': 'python-requests/2.32.3', 'Accept-Encoding': 'gzip, deflate', 'Accept': '*/*', 'Connection': 'keep-alive', 'Content-Length': '0'} 
 body=None 
 </msg>
<msg time="2024-12-26T21:40:46.787938" level="INFO">DELETE Response : url=https://fakestoreapi.com/test/products/5 
 status=404, reason=Not Found 
 headers={'Date': 'Thu, 26 Dec 2024 14:41:11 GMT', 'Content-Type': 'text/html; charset=utf-8', 'Transfer-Encoding': 'chunked', 'Connection': 'keep-alive', 'access-control-allow-origin': '*', 'content-security-policy': "default-src 'none'", 'x-content-type-options': 'nosniff', 'x-powered-by': 'Express', 'cf-cache-status': 'DYNAMIC', 'Report-To': '{"endpoints":[{"url":"https:\\/\\/a.nel.cloudflare.com\\/report\\/v4?s=9%2FYo45yf8KQJHQl9gwKuosh0Ol63Aaf6KL3MguCPruoGT3%2FbYjlIcI5XouypbJ6I6mMNp%2F2gywKHaoXOYw4Wcueih9cWTujXIvd9tKxhQFz7I5J%2FWm3rCP4g8FS1xcFejtVdltTXwJq3o8hoLSQy"}],"group":"cf-nel","max_age":604800}', 'NEL': '{"success_fraction":0,"report_to":"cf-nel","max_age":604800}', 'Server': 'cloudflare', 'CF-RAY': '8f81d4869dcd799c-BKK', 'Content-Encoding': 'gzip', 'alt-svc': 'h3=":443"; ma=86400', 'server-timing': 'cfL4;desc="?proto=TCP&amp;rtt=4608&amp;min_rtt=3891&amp;rtt_var=1971&amp;sent=5&amp;recv=6&amp;lost=0&amp;retrans=0&amp;sent_bytes=2854&amp;recv_bytes=803&amp;delivery_rate=1048573&amp;cwnd=252&amp;unsent_bytes=0&amp;cid=acc75fa1d60d7309&amp;ts=979&amp;x=0"'} 
 body=&lt;!DOCTYPE html&gt;
&lt;html lang="en"&gt;
&lt;head&gt;
&lt;meta charset="utf-8"&gt;
&lt;title&gt;Error&lt;/title&gt;
&lt;/head&gt;
&lt;body&gt;
&lt;pre&gt;Cannot DELETE /test/products/5&lt;/pre&gt;
&lt;/body&gt;
&lt;/html&gt;
 
 </msg>
<msg time="2024-12-26T21:40:46.788009" level="INFO">C:\Users\tao_2\AppData\Local\Programs\Python\Python313\Lib\site-packages\urllib3\connectionpool.py:1099: InsecureRequestWarning: Unverified HTTPS request is being made to host 'fakestoreapi.com'. Adding certificate verification is strongly advised. See: https://urllib3.readthedocs.io/en/latest/advanced-usage.html#tls-warnings
  warnings.warn(</msg>
<msg time="2024-12-26T21:40:46.788246" level="INFO">${Respone} = &lt;Response [404]&gt;</msg>
<var>${Respone}</var>
<arg>${CREATED_SESSION}</arg>
<arg>${URL}${PRODUCTS_PATH}/${PRODUCT_ID}</arg>
<arg>expected_status=${Status}</arg>
<doc>Sends a DELETE request on a previously created HTTP Session.</doc>
<status status="PASS" start="2024-12-26T21:40:45.784650" elapsed="1.003625"/>
</kw>
<if>
<branch type="IF" condition="${Status} == 200">
<kw name="Set Variable" owner="BuiltIn">
<var>${Deleted_Product}</var>
<arg>${Respone.json()}</arg>
<doc>Returns the given values which can then be assigned to a variables.</doc>
<status status="NOT RUN" start="2024-12-26T21:40:46.788898" elapsed="0.000062"/>
</kw>
<kw name="Log" owner="BuiltIn">
<arg>${Deleted_Product}</arg>
<doc>Logs the given message with the given level.</doc>
<status status="NOT RUN" start="2024-12-26T21:40:46.789158" elapsed="0.000010"/>
</kw>
<status status="NOT RUN" start="2024-12-26T21:40:46.788372" elapsed="0.000816"/>
</branch>
<status status="PASS" start="2024-12-26T21:40:46.788356" elapsed="0.000849"/>
</if>
<arg>${INVALID_URL}</arg>
<arg>${STATUS_NOT_FOUND}</arg>
<status status="PASS" start="2024-12-26T21:40:45.784493" elapsed="1.004753"/>
</kw>
<kw name="End API test" owner="CommonAPI" type="TEARDOWN">
<kw name="Delete All Sessions" owner="RequestsLibrary">
<msg time="2024-12-26T21:40:46.789664" level="INFO">Deleting All Sessions</msg>
<doc>Removes all the session objects</doc>
<status status="PASS" start="2024-12-26T21:40:46.789618" elapsed="0.000091"/>
</kw>
<status status="PASS" start="2024-12-26T21:40:46.789462" elapsed="0.000276"/>
</kw>
<doc>Verify that product can not delete</doc>
<tag>1008</tag>
<tag>DELETE</tag>
<status status="PASS" start="2024-12-26T21:40:45.783744" elapsed="1.006044"/>
</test>
<doc>This is my first assignment whole suit</doc>
<status status="PASS" start="2024-12-26T21:40:24.051446" elapsed="22.738657"/>
</suite>
<statistics>
<total>
<stat pass="8" fail="0" skip="0">All Tests</stat>
</total>
<tag>
<stat pass="1" fail="0" skip="0">1001</stat>
<stat pass="1" fail="0" skip="0">1002</stat>
<stat pass="1" fail="0" skip="0">1003</stat>
<stat pass="1" fail="0" skip="0">1004</stat>
<stat pass="1" fail="0" skip="0">1005</stat>
<stat pass="1" fail="0" skip="0">1006</stat>
<stat pass="1" fail="0" skip="0">1007</stat>
<stat pass="1" fail="0" skip="0">1008</stat>
<stat pass="2" fail="0" skip="0">DELETE</stat>
<stat pass="2" fail="0" skip="0">GET</stat>
<stat pass="2" fail="0" skip="0">POST</stat>
<stat pass="2" fail="0" skip="0">PUT</stat>
</tag>
<suite>
<stat pass="8" fail="0" skip="0" id="s1" name="FakeStoreAPI">FakeStoreAPI</stat>
</suite>
</statistics>
<errors>
</errors>
</robot>
