<?xml version="1.0" encoding="UTF-8"?>
<robot generator="Robot 7.1.1 (Python 3.13.1 on win32)" generated="2024-12-26T14:05:31.258342" rpa="false" schemaversion="5">
<suite id="s1" name="Saucedemo" source="D:\GitHub\Robotframework\Part2_UI_Testing\Tests\Saucedemo.robot">
<test id="s1-t1" name="Login should succeed with valid credentials" line="19">
<kw name="Begin web test" owner="CommonWeb" type="SETUP">
<kw name="Set Selenium Speed" owner="SeleniumLibrary">
<arg>0.2s</arg>
<doc>Sets the delay that is waited after each Selenium command.</doc>
<status status="PASS" start="2024-12-26T14:05:31.429288" elapsed="0.000156"/>
</kw>
<kw name="Set Selenium Timeout" owner="SeleniumLibrary">
<arg>5s</arg>
<doc>Sets the timeout that is used by various keywords.</doc>
<status status="PASS" start="2024-12-26T14:05:31.429546" elapsed="0.000107"/>
</kw>
<kw name="Open Browser" owner="SeleniumLibrary">
<msg time="2024-12-26T14:05:31.429862" level="INFO">Opening browser 'chrome' to base url 'about:blank'.</msg>
<arg>about:blank</arg>
<arg>${BROWSER}</arg>
<doc>Opens a new browser instance to the optional ``url``.</doc>
<status status="PASS" start="2024-12-26T14:05:31.429748" elapsed="1.534100"/>
</kw>
<status status="PASS" start="2024-12-26T14:05:31.428774" elapsed="1.535222"/>
</kw>
<kw name="Go to landing page" owner="SaucedemoApp">
<kw name="Navigate to" owner="Landing">
<kw name="Go To" owner="SeleniumLibrary">
<msg time="2024-12-26T14:05:32.964845" level="INFO">Opening url 'https://www.saucedemo.com/'</msg>
<arg>${URL}</arg>
<doc>Navigates the current browser window to the provided ``url``.</doc>
<status status="PASS" start="2024-12-26T14:05:32.964753" elapsed="0.507116"/>
</kw>
<status status="PASS" start="2024-12-26T14:05:32.964576" elapsed="0.507406"/>
</kw>
<kw name="Verify page loaded" owner="Landing">
<kw name="Wait Until Page Contains Element" owner="SeleniumLibrary">
<arg>${LANDONG_LOGIN_BUTTON}</arg>
<doc>Waits until the element ``locator`` appears on the current page.</doc>
<status status="PASS" start="2024-12-26T14:05:33.472375" elapsed="0.210626"/>
</kw>
<status status="PASS" start="2024-12-26T14:05:33.472154" elapsed="0.210977"/>
</kw>
<status status="PASS" start="2024-12-26T14:05:32.964338" elapsed="0.718855"/>
</kw>
<kw name="Attempt to login" owner="SaucedemoApp">
<kw name="Try to login" owner="Landing">
<kw name="Fill username field" owner="Landing">
<kw name="Input Text" owner="SeleniumLibrary">
<msg time="2024-12-26T14:05:33.684425" level="INFO">Typing text 'standard_user' into text field 'xpath=//input[@id='user-name']'.</msg>
<arg>${LANDONG_USERNAME_TEXTBOX}</arg>
<arg>${USERNAME}</arg>
<doc>Types the given ``text`` into the text field identified by ``locator``.</doc>
<status status="PASS" start="2024-12-26T14:05:33.684263" elapsed="0.679132"/>
</kw>
<arg>${USERNAME}</arg>
<status status="PASS" start="2024-12-26T14:05:33.684066" elapsed="0.679704"/>
</kw>
<kw name="Fill password field" owner="Landing">
<kw name="Input Text" owner="SeleniumLibrary">
<msg time="2024-12-26T14:05:34.365914" level="INFO">Typing text 'secret_sauce' into text field 'xpath=//input[@id='password']'.</msg>
<arg>${LANDONG_PASSWORD_TEXTBOX}</arg>
<arg>${PASSWORD}</arg>
<doc>Types the given ``text`` into the text field identified by ``locator``.</doc>
<status status="PASS" start="2024-12-26T14:05:34.365233" elapsed="0.681632"/>
</kw>
<arg>${PASSWORD}</arg>
<status status="PASS" start="2024-12-26T14:05:34.364309" elapsed="0.682798"/>
</kw>
<kw name="Click &quot;Login&quot; button" owner="Landing">
<kw name="Click Button" owner="SeleniumLibrary">
<msg time="2024-12-26T14:05:35.048290" level="INFO">Clicking button 'xpath=//input[@id='login-button']'.</msg>
<arg>${LANDONG_LOGIN_BUTTON}</arg>
<doc>Clicks the button identified by ``locator``.</doc>
<status status="PASS" start="2024-12-26T14:05:35.047934" elapsed="0.681349"/>
</kw>
<status status="PASS" start="2024-12-26T14:05:35.047425" elapsed="0.682166"/>
</kw>
<arg>${USERNAME}</arg>
<arg>${PASSWORD}</arg>
<status status="PASS" start="2024-12-26T14:05:33.683823" elapsed="2.045908"/>
</kw>
<arg>${LIST_VALID_USERNAME}[0]</arg>
<arg>${VALID_PASSWORD}</arg>
<status status="PASS" start="2024-12-26T14:05:33.683484" elapsed="2.046313"/>
</kw>
<kw name="Verify inventory page loaded" owner="SaucedemoApp">
<kw name="Verify page loaded" owner="Inventory">
<kw name="Wait Until Page Contains" owner="SeleniumLibrary">
<arg>${INVENTORY_HEADER_LABEL}</arg>
<doc>Waits until ``text`` appears on the current page.</doc>
<status status="PASS" start="2024-12-26T14:05:35.730883" elapsed="0.207891"/>
</kw>
<status status="PASS" start="2024-12-26T14:05:35.730602" elapsed="0.208534"/>
</kw>
<status status="PASS" start="2024-12-26T14:05:35.730245" elapsed="0.209063"/>
</kw>
<kw name="Select Z-A filter" owner="SaucedemoApp">
<kw name="Select Z-A filter" owner="Inventory">
<kw name="Select From List By Index" owner="SeleniumLibrary">
<msg time="2024-12-26T14:05:35.942925" level="INFO">Selecting options from selection list 'xpath=//*[@id="header_container"]/div[2]/div/span/select' by index 2.</msg>
<arg>${INVENTORY_SORT_CONTAINER_SELECT}</arg>
<arg>2</arg>
<doc>Selects options from selection list ``locator`` by ``indexes``.</doc>
<status status="PASS" start="2024-12-26T14:05:35.942058" elapsed="2.313117"/>
</kw>
<status status="PASS" start="2024-12-26T14:05:35.941264" elapsed="2.314036"/>
</kw>
<status status="PASS" start="2024-12-26T14:05:35.940370" elapsed="2.314977"/>
</kw>
<kw name="Sleep" owner="BuiltIn">
<msg time="2024-12-26T14:05:41.255863" level="INFO">Slept 3 seconds.</msg>
<arg>3s</arg>
<doc>Pauses the test executed for the given time.</doc>
<status status="PASS" start="2024-12-26T14:05:38.255573" elapsed="3.000427"/>
</kw>
<kw name="End web test" owner="CommonWeb" type="TEARDOWN">
<kw name="Close All Browsers" owner="SeleniumLibrary">
<doc>Closes all open browsers and resets the browser cache.</doc>
<status status="PASS" start="2024-12-26T14:05:41.256709" elapsed="2.282937"/>
</kw>
<status status="PASS" start="2024-12-26T14:05:41.256449" elapsed="2.283306"/>
</kw>
<doc>Valid credentials should be able to login</doc>
<tag>1002</tag>
<status status="PASS" start="2024-12-26T14:05:31.428161" elapsed="12.111974"/>
</test>
<doc>This is my UI testing assignment whole suite</doc>
<status status="PASS" start="2024-12-26T14:05:31.259598" elapsed="12.281324"/>
</suite>
<statistics>
<total>
<stat pass="1" fail="0" skip="0">All Tests</stat>
</total>
<tag>
<stat pass="1" fail="0" skip="0">1002</stat>
</tag>
<suite>
<stat pass="1" fail="0" skip="0" id="s1" name="Saucedemo">Saucedemo</stat>
</suite>
</statistics>
<errors>
</errors>
</robot>
